[debug] [2020-12-11T06:52:32.244Z] ----------------------------------------------------------------------
[debug] [2020-12-11T06:52:32.246Z] Command:       C:\Program Files\nodejs\node.exe C:\Users\sidul\AppData\Roaming\npm\node_modules\firebase-tools\lib\bin\firebase.js deploy
[debug] [2020-12-11T06:52:32.246Z] CLI Version:   8.18.1
[debug] [2020-12-11T06:52:32.247Z] Platform:      win32
[debug] [2020-12-11T06:52:32.247Z] Node Version:  v12.18.0
[debug] [2020-12-11T06:52:32.248Z] Time:          Thu Dec 10 2020 22:52:32 GMT-0800 (Pacific Standard Time)
[debug] [2020-12-11T06:52:32.248Z] ----------------------------------------------------------------------
[debug] [2020-12-11T06:52:32.248Z] 
[debug] [2020-12-11T06:52:32.256Z] > command requires scopes: ["email","openid","https://www.googleapis.com/auth/cloudplatformprojects.readonly","https://www.googleapis.com/auth/firebase","https://www.googleapis.com/auth/cloud-platform"]
[debug] [2020-12-11T06:52:32.256Z] > authorizing via signed-in user
[debug] [2020-12-11T06:52:32.257Z] [iam] checking project number-converter-c5e93 for permissions ["firebase.projects.get","firebasehosting.sites.update"]
[debug] [2020-12-11T06:52:32.260Z] >>> HTTP REQUEST POST https://cloudresourcemanager.googleapis.com/v1/projects/number-converter-c5e93:testIamPermissions  
 {"permissions":["firebase.projects.get","firebasehosting.sites.update"]}
[debug] [2020-12-11T06:52:34.558Z] <<< HTTP RESPONSE 200 {"content-type":"application/json; charset=UTF-8","vary":"X-Origin, Referer, Origin,Accept-Encoding","date":"Thu, 10 Dec 2020 16:50:28 GMT","server":"ESF","cache-control":"private","x-xss-protection":"0","x-frame-options":"SAMEORIGIN","x-content-type-options":"nosniff","server-timing":"gfet4t7; dur=1210","alt-svc":"h3-29=\":443\"; ma=2592000,h3-T051=\":443\"; ma=2592000,h3-Q050=\":443\"; ma=2592000,h3-Q046=\":443\"; ma=2592000,h3-Q043=\":443\"; ma=2592000,quic=\":443\"; ma=2592000; v=\"46,43\"","accept-ranges":"none","transfer-encoding":"chunked"}
[debug] [2020-12-11T06:52:34.565Z] >>> HTTP REQUEST GET https://firebase.googleapis.com/v1beta1/projects/number-converter-c5e93  
 
[debug] [2020-12-11T06:52:35.074Z] <<< HTTP RESPONSE 200 {"content-type":"application/json; charset=UTF-8","vary":"X-Origin, Referer, Origin,Accept-Encoding","date":"Thu, 10 Dec 2020 16:50:29 GMT","server":"ESF","cache-control":"private","x-xss-protection":"0","x-frame-options":"SAMEORIGIN","x-content-type-options":"nosniff","alt-svc":"h3-29=\":443\"; ma=2592000,h3-T051=\":443\"; ma=2592000,h3-Q050=\":443\"; ma=2592000,h3-Q046=\":443\"; ma=2592000,h3-Q043=\":443\"; ma=2592000,quic=\":443\"; ma=2592000; v=\"46,43\"","accept-ranges":"none","transfer-encoding":"chunked"}
[info] 
[info] === Deploying to 'number-converter-c5e93'...
[info] 
[info] i  deploying hosting 
[debug] [2020-12-11T06:52:35.089Z] >>> HTTP REQUEST POST https://firebasehosting.googleapis.com/v1beta1/sites/number-converter-c5e93/versions  
 {"config":{"rewrites":[{"glob":"**","path":"/index.html"}]},"labels":{"deployment-tool":"cli-firebase"}}
[debug] [2020-12-11T06:52:37.053Z] <<< HTTP RESPONSE 200 {"content-type":"application/json; charset=UTF-8","vary":"X-Origin, Referer, Origin,Accept-Encoding","date":"Thu, 10 Dec 2020 16:50:31 GMT","server":"ESF","cache-control":"private","x-xss-protection":"0","x-frame-options":"SAMEORIGIN","x-content-type-options":"nosniff","alt-svc":"h3-29=\":443\"; ma=2592000,h3-T051=\":443\"; ma=2592000,h3-Q050=\":443\"; ma=2592000,h3-Q046=\":443\"; ma=2592000,h3-Q043=\":443\"; ma=2592000,quic=\":443\"; ma=2592000; v=\"46,43\"","accept-ranges":"none","transfer-encoding":"chunked"}
[info] i  hosting[number-converter-c5e93]: beginning deploy... 
[info] i  hosting[number-converter-c5e93]: found 20 files in build 
[debug] [2020-12-11T06:52:37.113Z] > refreshing access token with scopes: []
[debug] [2020-12-11T06:52:37.113Z] >>> HTTP REQUEST POST https://www.googleapis.com/oauth2/v3/token  
 <request body omitted>
[debug] [2020-12-11T06:52:37.116Z] [hosting] hash cache [YnVpbGQ] stored for 20 files
[debug] [2020-12-11T06:52:37.117Z] [hosting][hash queue][FINAL] {"max":12,"min":1,"avg":1.55,"active":0,"complete":20,"success":20,"errored":0,"retried":0,"total":20,"elapsed":21}
[debug] [2020-12-11T06:52:37.429Z] <<< HTTP RESPONSE 200 {"pragma":"no-cache","date":"Thu, 10 Dec 2020 16:50:32 GMT","expires":"Mon, 01 Jan 1990 00:00:00 GMT","cache-control":"no-cache, no-store, max-age=0, must-revalidate","content-type":"application/json; charset=utf-8","vary":"X-Origin, Referer, Origin,Accept-Encoding","server":"scaffolding on HTTPServer2","x-xss-protection":"0","x-frame-options":"SAMEORIGIN","x-content-type-options":"nosniff","alt-svc":"h3-29=\":443\"; ma=2592000,h3-T051=\":443\"; ma=2592000,h3-Q050=\":443\"; ma=2592000,h3-Q046=\":443\"; ma=2592000,h3-Q043=\":443\"; ma=2592000,quic=\":443\"; ma=2592000; v=\"46,43\"","accept-ranges":"none","transfer-encoding":"chunked"}
[debug] [2020-12-11T06:52:37.542Z] >>> [apiv2][query] POST https://firebasehosting.googleapis.com/v1beta1/sites/number-converter-c5e93/versions/02518e05fb615631:populateFiles [none]
[debug] [2020-12-11T06:52:37.542Z] >>> [apiv2][body] POST https://firebasehosting.googleapis.com/v1beta1/sites/number-converter-c5e93/versions/02518e05fb615631:populateFiles {"files":{"/asset-manifest.json":"6d2e71c9e2de9fda4f09cb7986ffea2532354bdfd715f28c9107f73c0ec4779d","/countdown.png":"d2dfe0c8b58702f1e956a09b8cd1ddfc1e52fb36c20639c05f4d1baef1e177c5","/favicon.ico":"eae62e993eb980ec8a25058c39d5a51feab118bd2100c4deebb2a9c158ec11f9","/logo192.png":"3ee59515172ee198f3be375979df15ac5345183e656720a381b8872b2a39dc8b","/logo512.png":"ee7e2f3fdb8209c4b6fd7bef6ba50d1b9dba30a25bb5c3126df057e1cb6f5331","/manifest.json":"aff3449bdc238776f5d6d967f19ec491b36aed5fb7f23ccff6500736fd58494a","/robots.txt":"bfe106a3fb878dc83461c86818bf74fc1bdc7f28538ba613cd3e775516ce8b49","/static/css/main.5cf86ea8.chunk.css":"f8f0b9d6a1545fc217f133fc5f5470cf536cbf7f796d64a8ee32f4ae41b1f16f","/static/css/main.5cf86ea8.chunk.css.map":"528801d2ea36be5e23fc3a2a86861d732964ecf37b25b6cd60af3e027c701483","/static/js/2.e9274c15.chunk.js":"bc475ee773c2a28ebe069926e9799a0020b34b90f3ddb2e03aadc1d7897432b2","/static/js/2.e9274c15.chunk.js.LICENSE.txt":"ce98b709ba3090e2b70f108549b5a3dd3387efdd9d093e8667bda6357e45cabd","/static/js/2.e9274c15.chunk.js.map":"9169ad2293d1e7db8d4527b57d8d805a84714ca2f851b839dbd8bd50476554de","/static/js/3.f8656154.chunk.js":"411fe0aac4a11bed1bb4f19b3d723f761bd90c7756775f42f0219608988bdeb7","/static/js/3.f8656154.chunk.js.map":"535ddc378435d2e3db310715ab7ee610a495d504e3104107f2dd9f8ddddd22ca","/static/js/main.b2cdae83.chunk.js":"a0817317c74a061e52f12d99ec28649efc2eb3e1728653c2e16ae02a0cbe72ed","/static/js/main.b2cdae83.chunk.js.map":"ccd888abb888b43ff708854f18ce0b9d5db7681524f216a3815b604088a45846","/static/js/runtime-main.ce9053d4.js":"9db981673b38b22bc1e7e76185144396cfec6050c51aefb141829c7f17514bb7","/static/js/runtime-main.ce9053d4.js.map":"70671fef77cbacece99b8cb77f3325bf0bbd57dbf64dddfd01f2cd7e565c18ff","/static/media/logo.6ce24c58.svg":"ac1a3d8899432561573d6a5cf56459437c09b902599a1deb91c0f8d4bb40459d","/index.html":"42732994dc8338422c1f2c141acd89894c4398ec6b467aa73e173e76a6c55bde"}}
[debug] [2020-12-11T06:52:39.375Z] <<< [apiv2][status] POST https://firebasehosting.googleapis.com/v1beta1/sites/number-converter-c5e93/versions/02518e05fb615631:populateFiles 200
[debug] [2020-12-11T06:52:39.376Z] <<< [apiv2][body] POST https://firebasehosting.googleapis.com/v1beta1/sites/number-converter-c5e93/versions/02518e05fb615631:populateFiles {"uploadRequiredHashes":["42732994dc8338422c1f2c141acd89894c4398ec6b467aa73e173e76a6c55bde"],"uploadUrl":"https://upload-firebasehosting.googleapis.com/upload/sites/number-converter-c5e93/versions/02518e05fb615631/files"}
[debug] [2020-12-11T06:52:39.379Z] >>> [apiv2][query] POST https://upload-firebasehosting.googleapis.com/upload/sites/number-converter-c5e93/versions/02518e05fb615631/files/42732994dc8338422c1f2c141acd89894c4398ec6b467aa73e173e76a6c55bde [none]
[debug] [2020-12-11T06:52:39.379Z] >>> [apiv2][body] POST https://upload-firebasehosting.googleapis.com/upload/sites/number-converter-c5e93/versions/02518e05fb615631/files/42732994dc8338422c1f2c141acd89894c4398ec6b467aa73e173e76a6c55bde [stream]
[debug] [2020-12-11T06:52:39.384Z] [hosting][populate queue][FINAL] {"max":2268,"min":2268,"avg":2268,"active":0,"complete":1,"success":1,"errored":0,"retried":0,"total":1,"elapsed":2273}
[debug] [2020-12-11T06:52:39.384Z] [hosting] uploads queued: 1
[debug] [2020-12-11T06:52:41.207Z] <<< [apiv2][status] POST https://upload-firebasehosting.googleapis.com/upload/sites/number-converter-c5e93/versions/02518e05fb615631/files/42732994dc8338422c1f2c141acd89894c4398ec6b467aa73e173e76a6c55bde 200
[debug] [2020-12-11T06:52:41.207Z] <<< [apiv2][body] POST https://upload-firebasehosting.googleapis.com/upload/sites/number-converter-c5e93/versions/02518e05fb615631/files/42732994dc8338422c1f2c141acd89894c4398ec6b467aa73e173e76a6c55bde [stream]
[debug] [2020-12-11T06:52:41.208Z] [hosting][upload queue][FINAL] {"max":1830,"min":1830,"avg":1830,"active":0,"complete":1,"success":1,"errored":0,"retried":0,"total":1,"elapsed":1832}
[info] +  hosting[number-converter-c5e93]: file upload complete 
[debug] [2020-12-11T06:52:41.210Z] [hosting] deploy completed after 4154ms
[debug] [2020-12-11T06:52:41.439Z] [
  {
    "config": {
      "public": "build",
      "ignore": [
        "firebase.json",
        "**/.*",
        "**/node_modules/**"
      ],
      "rewrites": [
        {
          "source": "**",
          "destination": "/index.html"
        }
      ],
      "site": "number-converter-c5e93"
    },
    "site": "number-converter-c5e93",
    "version": "sites/number-converter-c5e93/versions/02518e05fb615631"
  }
]
[info] i  hosting[number-converter-c5e93]: finalizing version... 
[debug] [2020-12-11T06:52:41.442Z] > refreshing access token with scopes: ["email","https://www.googleapis.com/auth/cloud-platform","https://www.googleapis.com/auth/cloudplatformprojects.readonly","https://www.googleapis.com/auth/firebase","openid"]
[debug] [2020-12-11T06:52:41.442Z] >>> HTTP REQUEST POST https://www.googleapis.com/oauth2/v3/token  
 <request body omitted>
[debug] [2020-12-11T06:52:41.705Z] <<< HTTP RESPONSE 200 {"cache-control":"no-cache, no-store, max-age=0, must-revalidate","date":"Thu, 10 Dec 2020 16:50:36 GMT","expires":"Mon, 01 Jan 1990 00:00:00 GMT","pragma":"no-cache","content-type":"application/json; charset=utf-8","vary":"X-Origin, Referer, Origin,Accept-Encoding","server":"scaffolding on HTTPServer2","x-xss-protection":"0","x-frame-options":"SAMEORIGIN","x-content-type-options":"nosniff","alt-svc":"h3-29=\":443\"; ma=2592000,h3-T051=\":443\"; ma=2592000,h3-Q050=\":443\"; ma=2592000,h3-Q046=\":443\"; ma=2592000,h3-Q043=\":443\"; ma=2592000,quic=\":443\"; ma=2592000; v=\"46,43\"","accept-ranges":"none","transfer-encoding":"chunked"}
[debug] [2020-12-11T06:52:41.736Z] >>> HTTP REQUEST PATCH https://firebasehosting.googleapis.com/v1beta1/sites/number-converter-c5e93/versions/02518e05fb615631?updateMask=status  
 {"status":"FINALIZED"}
[debug] [2020-12-11T06:52:43.464Z] <<< HTTP RESPONSE 200 {"content-type":"application/json; charset=UTF-8","vary":"X-Origin, Referer, Origin,Accept-Encoding","date":"Thu, 10 Dec 2020 16:50:38 GMT","server":"ESF","cache-control":"private","x-xss-protection":"0","x-frame-options":"SAMEORIGIN","x-content-type-options":"nosniff","alt-svc":"h3-29=\":443\"; ma=2592000,h3-T051=\":443\"; ma=2592000,h3-Q050=\":443\"; ma=2592000,h3-Q046=\":443\"; ma=2592000,h3-Q043=\":443\"; ma=2592000,quic=\":443\"; ma=2592000; v=\"46,43\"","accept-ranges":"none","transfer-encoding":"chunked"}
[debug] [2020-12-11T06:52:43.465Z] [hosting] finalized version for number-converter-c5e93: {"name":"sites/number-converter-c5e93/versions/02518e05fb615631","status":"FINALIZED","config":{"rewrites":[{"glob":"**","path":"/index.html"}]},"labels":{"deployment-tool":"cli-firebase"},"createTime":"2020-12-10T16:50:31.514926Z","createUser":{"email":"wordpress693@gmail.com"},"finalizeTime":"2020-12-10T16:50:38.227067Z","finalizeUser":{"email":"wordpress693@gmail.com"}}
[info] +  hosting[number-converter-c5e93]: version finalized 
[info] i  hosting[number-converter-c5e93]: releasing new version... 
[debug] [2020-12-11T06:52:43.468Z] >>> HTTP REQUEST POST https://firebasehosting.googleapis.com/v1beta1/sites/number-converter-c5e93/releases?version_name=sites/number-converter-c5e93/versions/02518e05fb615631  
 {"message":null}
[debug] [2020-12-11T06:52:45.173Z] <<< HTTP RESPONSE 200 {"content-type":"application/json; charset=UTF-8","vary":"X-Origin, Referer, Origin,Accept-Encoding","date":"Thu, 10 Dec 2020 16:50:39 GMT","server":"ESF","cache-control":"private","x-xss-protection":"0","x-frame-options":"SAMEORIGIN","x-content-type-options":"nosniff","alt-svc":"h3-29=\":443\"; ma=2592000,h3-T051=\":443\"; ma=2592000,h3-Q050=\":443\"; ma=2592000,h3-Q046=\":443\"; ma=2592000,h3-Q043=\":443\"; ma=2592000,quic=\":443\"; ma=2592000; v=\"46,43\"","accept-ranges":"none","transfer-encoding":"chunked"}
[debug] [2020-12-11T06:52:45.174Z] [hosting] release: {"name":"sites/number-converter-c5e93/releases/1607619039379560","version":{"name":"sites/number-converter-c5e93/versions/02518e05fb615631","status":"FINALIZED","config":{"rewrites":[{"glob":"**","path":"/index.html"}]},"labels":{"deployment-tool":"cli-firebase"},"createTime":"2020-12-10T16:50:31.514926Z","createUser":{"email":"wordpress693@gmail.com"},"finalizeTime":"2020-12-10T16:50:38.227067Z","finalizeUser":{"email":"wordpress693@gmail.com"},"preview":{}},"type":"DEPLOY","releaseTime":"2020-12-10T16:50:39.379560033Z","releaseUser":{"email":"wordpress693@gmail.com"}}
[info] +  hosting[number-converter-c5e93]: release complete 
[info] 
[info] +  Deploy complete! 
[info] 
[info] Project Console: https://console.firebase.google.com/project/number-converter-c5e93/overview
[info] Hosting URL: https://number-converter-c5e93.web.app
